<?xml version="1.0" encoding="UTF-8"?>
<!-- Generated by org.testng.reporters.JUnitReportReporter -->
<testsuite hostname="LAPTOP-33CIC546" failures="0" tests="3" name="tc_Repository.Assignment1" time="93.850" errors="0" timestamp="2024-09-07T09:22:16 IST" skipped="0">
  <testcase classname="tc_Repository.Assignment1" name="ass1" time="30.868"/>
  <testcase classname="tc_Repository.Assignment1" name="ass1" time="32.145"/>
  <testcase classname="tc_Repository.Assignment1" name="ass1" time="30.837"/>
</testsuite> <!-- tc_Repository.Assignment1 -->
